# JRE version: OpenJDK Runtime Environment (8.0_171-b11) (build 1.8.0_171-8u171-b11-0ubuntu0.16.04.1-b11)
# Java VM: OpenJDK 64-Bit Server VM (25.171-b11 mixed mode linux-amd64 compressed oops)
Heap:
 PSYoungGen      total 2035200K, used 2026272K [0x0000000742b00000, 0x00000007bfe80000, 0x00000007c0000000)
  eden space 2019840K, 100% used [0x0000000742b00000,0x00000007bdf80000,0x00000007bdf80000)
  from space 15360K, 41% used [0x00000007bef80000,0x00000007bf5c8000,0x00000007bfe80000)
  to   space 15872K, 45% used [0x00000007bdf80000,0x00000007be688000,0x00000007bef00000)
 ParOldGen       total 363520K, used 209955K [0x0000000648000000, 0x000000065e300000, 0x0000000742b00000)
  object space 363520K, 57% used [0x0000000648000000,0x0000000654d08f10,0x000000065e300000)
 Metaspace       used 5575K, capacity 5772K, committed 6144K, reserved 1056768K
  class space    used 590K, capacity 664K, committed 768K, reserved 1048576K
GC Heap History (10 events):
Event: 757,011 GC heap after
Heap after GC invocations=134 (full 2):
 PSYoungGen      total 2033664K, used 5664K [0x0000000742b00000, 0x00000007bff00000, 0x00000007c0000000)
  eden space 2016256K, 0% used [0x0000000742b00000,0x0000000742b00000,0x00000007bdc00000)
  from space 17408K, 32% used [0x00000007bee00000,0x00000007bf388000,0x00000007bff00000)
  to   space 17920K, 0% used [0x00000007bdc00000,0x00000007bdc00000,0x00000007bed80000)
 ParOldGen       total 363520K, used 194731K [0x0000000648000000, 0x000000065e300000, 0x0000000742b00000)
  object space 363520K, 53% used [0x0000000648000000,0x0000000653e2af10,0x000000065e300000)
 Metaspace       used 5550K, capacity 5708K, committed 5888K, reserved 1056768K
  class space    used 588K, capacity 664K, committed 768K, reserved 1048576K
}
Event: 765,124 GC heap before
{Heap before GC invocations=135 (full 2):
 PSYoungGen      total 2033664K, used 2021920K [0x0000000742b00000, 0x00000007bff00000, 0x00000007c0000000)
  eden space 2016256K, 100% used [0x0000000742b00000,0x00000007bdc00000,0x00000007bdc00000)
  from space 17408K, 32% used [0x00000007bee00000,0x00000007bf388000,0x00000007bff00000)
  to   space 17920K, 0% used [0x00000007bdc00000,0x00000007bdc00000,0x00000007bed80000)
 ParOldGen       total 363520K, used 194731K [0x0000000648000000, 0x000000065e300000, 0x0000000742b00000)
  object space 363520K, 53% used [0x0000000648000000,0x0000000653e2af10,0x000000065e300000)
 Metaspace       used 5550K, capacity 5708K, committed 5888K, reserved 1056768K
  class space    used 588K, capacity 664K, committed 768K, reserved 1048576K
Event: 765,164 GC heap after
Heap after GC invocations=135 (full 2):
 PSYoungGen      total 2034176K, used 7680K [0x0000000742b00000, 0x00000007bff80000, 0x00000007c0000000)
  eden space 2016256K, 0% used [0x0000000742b00000,0x0000000742b00000,0x00000007bdc00000)
  from space 17920K, 42% used [0x00000007bdc00000,0x00000007be380000,0x00000007bed80000)
  to   space 17408K, 0% used [0x00000007bee80000,0x00000007bee80000,0x00000007bff80000)
 ParOldGen       total 363520K, used 197635K [0x0000000648000000, 0x000000065e300000, 0x0000000742b00000)
  object space 363520K, 54% used [0x0000000648000000,0x0000000654100f10,0x000000065e300000)
 Metaspace       used 5550K, capacity 5708K, committed 5888K, reserved 1056768K
  class space    used 588K, capacity 664K, committed 768K, reserved 1048576K
}
Event: 773,196 GC heap before
{Heap before GC invocations=136 (full 2):
 PSYoungGen      total 2034176K, used 2023936K [0x0000000742b00000, 0x00000007bff80000, 0x00000007c0000000)
  eden space 2016256K, 100% used [0x0000000742b00000,0x00000007bdc00000,0x00000007bdc00000)
  from space 17920K, 42% used [0x00000007bdc00000,0x00000007be380000,0x00000007bed80000)
  to   space 17408K, 0% used [0x00000007bee80000,0x00000007bee80000,0x00000007bff80000)
 ParOldGen       total 363520K, used 197635K [0x0000000648000000, 0x000000065e300000, 0x0000000742b00000)
  object space 363520K, 54% used [0x0000000648000000,0x0000000654100f10,0x000000065e300000)
 Metaspace       used 5550K, capacity 5708K, committed 5888K, reserved 1056768K
  class space    used 588K, capacity 664K, committed 768K, reserved 1048576K
Event: 773,260 GC heap after
Heap after GC invocations=136 (full 2):
 PSYoungGen      total 2034176K, used 6912K [0x0000000742b00000, 0x00000007bfe80000, 0x00000007c0000000)
  eden space 2017792K, 0% used [0x0000000742b00000,0x0000000742b00000,0x00000007bdd80000)
  from space 16384K, 42% used [0x00000007bee80000,0x00000007bf540000,0x00000007bfe80000)
  to   space 16896K, 0% used [0x00000007bdd80000,0x00000007bdd80000,0x00000007bee00000)
 ParOldGen       total 363520K, used 200803K [0x0000000648000000, 0x000000065e300000, 0x0000000742b00000)
  object space 363520K, 55% used [0x0000000648000000,0x0000000654418f10,0x000000065e300000)
 Metaspace       used 5550K, capacity 5708K, committed 5888K, reserved 1056768K
  class space    used 588K, capacity 664K, committed 768K, reserved 1048576K
}
Event: 781,136 GC heap before
{Heap before GC invocations=137 (full 2):
 PSYoungGen      total 2034176K, used 2024704K [0x0000000742b00000, 0x00000007bfe80000, 0x00000007c0000000)
  eden space 2017792K, 100% used [0x0000000742b00000,0x00000007bdd80000,0x00000007bdd80000)
  from space 16384K, 42% used [0x00000007bee80000,0x00000007bf540000,0x00000007bfe80000)
  to   space 16896K, 0% used [0x00000007bdd80000,0x00000007bdd80000,0x00000007bee00000)
 ParOldGen       total 363520K, used 200803K [0x0000000648000000, 0x000000065e300000, 0x0000000742b00000)
  object space 363520K, 55% used [0x0000000648000000,0x0000000654418f10,0x000000065e300000)
 Metaspace       used 5550K, capacity 5708K, committed 5888K, reserved 1056768K
  class space    used 588K, capacity 664K, committed 768K, reserved 1048576K
Event: 781,196 GC heap after
Heap after GC invocations=137 (full 2):
 PSYoungGen      total 2034688K, used 7008K [0x0000000742b00000, 0x00000007bff80000, 0x00000007c0000000)
  eden space 2017792K, 0% used [0x0000000742b00000,0x0000000742b00000,0x00000007bdd80000)
  from space 16896K, 41% used [0x00000007bdd80000,0x00000007be458000,0x00000007bee00000)
  to   space 16384K, 0% used [0x00000007bef80000,0x00000007bef80000,0x00000007bff80000)
 ParOldGen       total 363520K, used 203915K [0x0000000648000000, 0x000000065e300000, 0x0000000742b00000)
  object space 363520K, 56% used [0x0000000648000000,0x0000000654722f10,0x000000065e300000)
 Metaspace       used 5550K, capacity 5708K, committed 5888K, reserved 1056768K
  class space    used 588K, capacity 664K, committed 768K, reserved 1048576K
}
Event: 789,440 GC heap before
{Heap before GC invocations=138 (full 2):
 PSYoungGen      total 2034688K, used 2024800K [0x0000000742b00000, 0x00000007bff80000, 0x00000007c0000000)
  eden space 2017792K, 100% used [0x0000000742b00000,0x00000007bdd80000,0x00000007bdd80000)
  from space 16896K, 41% used [0x00000007bdd80000,0x00000007be458000,0x00000007bee00000)
  to   space 16384K, 0% used [0x00000007bef80000,0x00000007bef80000,0x00000007bff80000)
 ParOldGen       total 363520K, used 203915K [0x0000000648000000, 0x000000065e300000, 0x0000000742b00000)
  object space 363520K, 56% used [0x0000000648000000,0x0000000654722f10,0x000000065e300000)
 Metaspace       used 5550K, capacity 5708K, committed 5888K, reserved 1056768K
  class space    used 588K, capacity 664K, committed 768K, reserved 1048576K
Event: 789,498 GC heap after
Heap after GC invocations=138 (full 2):
 PSYoungGen      total 2035200K, used 6432K [0x0000000742b00000, 0x00000007bfe80000, 0x00000007c0000000)
  eden space 2019840K, 0% used [0x0000000742b00000,0x0000000742b00000,0x00000007bdf80000)
  from space 15360K, 41% used [0x00000007bef80000,0x00000007bf5c8000,0x00000007bfe80000)
  to   space 15872K, 0% used [0x00000007bdf80000,0x00000007bdf80000,0x00000007bef00000)
 ParOldGen       total 363520K, used 207139K [0x0000000648000000, 0x000000065e300000, 0x0000000742b00000)
  object space 363520K, 56% used [0x0000000648000000,0x0000000654a48f10,0x000000065e300000)
 Metaspace       used 5550K, capacity 5708K, committed 5888K, reserved 1056768K
  class space    used 588K, capacity 664K, committed 768K, reserved 1048576K
}
Event: 797,864 GC heap before
{Heap before GC invocations=139 (full 2):
 PSYoungGen      total 2035200K, used 2026272K [0x0000000742b00000, 0x00000007bfe80000, 0x00000007c0000000)
  eden space 2019840K, 100% used [0x0000000742b00000,0x00000007bdf80000,0x00000007bdf80000)
  from space 15360K, 41% used [0x00000007bef80000,0x00000007bf5c8000,0x00000007bfe80000)
  to   space 15872K, 0% used [0x00000007bdf80000,0x00000007bdf80000,0x00000007bef00000)
 ParOldGen       total 363520K, used 207139K [0x0000000648000000, 0x000000065e300000, 0x0000000742b00000)
  object space 363520K, 56% used [0x0000000648000000,0x0000000654a48f10,0x000000065e300000)
 Metaspace       used 5575K, capacity 5772K, committed 6144K, reserved 1056768K
  class space    used 590K, capacity 664K, committed 768K, reserved 1048576K

